ERROR - 2025-10-23 14:31:10 --> mysqli_sql_exception: Table 'courses' already exists in C:\xampp\htdocs\ITE311-LAYAN\system\Database\MySQLi\Connection.php:327
Stack trace:
#0 C:\xampp\htdocs\ITE311-LAYAN\system\Database\MySQLi\Connection.php(327): mysqli->query('CREATE TABLE `c...', 0)
#1 C:\xampp\htdocs\ITE311-LAYAN\system\Database\BaseConnection.php(729): CodeIgniter\Database\MySQLi\Connection->execute('CREATE TABLE `c...')
#2 C:\xampp\htdocs\ITE311-LAYAN\system\Database\BaseConnection.php(646): CodeIgniter\Database\BaseConnection->simpleQuery('CREATE TABLE `c...')
#3 C:\xampp\htdocs\ITE311-LAYAN\system\Database\Forge.php(570): CodeIgniter\Database\BaseConnection->query('CREATE TABLE `c...')
#4 C:\xampp\htdocs\ITE311-LAYAN\app\Database\Migrations\2025-08-13-011942_CreateCoursesTable.php(19): CodeIgniter\Database\Forge->createTable('courses')
#5 C:\xampp\htdocs\ITE311-LAYAN\system\Database\MigrationRunner.php(876): App\Database\Migrations\CreateCoursesTable->up()
#6 C:\xampp\htdocs\ITE311-LAYAN\system\Database\MigrationRunner.php(182): CodeIgniter\Database\MigrationRunner->migrate('up', Object(stdClass))
#7 C:\xampp\htdocs\ITE311-LAYAN\system\Commands\Database\Migrate.php(85): CodeIgniter\Database\MigrationRunner->latest(NULL)
#8 C:\xampp\htdocs\ITE311-LAYAN\system\CLI\Commands.php(74): CodeIgniter\Commands\Database\Migrate->run(Array)
#9 C:\xampp\htdocs\ITE311-LAYAN\system\CLI\Console.php(47): CodeIgniter\CLI\Commands->run('migrate', Array)
#10 C:\xampp\htdocs\ITE311-LAYAN\system\Boot.php(388): CodeIgniter\CLI\Console->run()
#11 C:\xampp\htdocs\ITE311-LAYAN\system\Boot.php(133): CodeIgniter\Boot::runCommand(Object(CodeIgniter\CLI\Console))
#12 C:\xampp\htdocs\ITE311-LAYAN\spark(87): CodeIgniter\Boot::bootSpark(Object(Config\Paths))
#13 {main}
ERROR - 2025-10-23 15:03:39 --> mysqli_sql_exception: Table 'courses' already exists in C:\xampp\htdocs\ITE311-LAYAN\system\Database\MySQLi\Connection.php:327
Stack trace:
#0 C:\xampp\htdocs\ITE311-LAYAN\system\Database\MySQLi\Connection.php(327): mysqli->query('CREATE TABLE `c...', 0)
#1 C:\xampp\htdocs\ITE311-LAYAN\system\Database\BaseConnection.php(729): CodeIgniter\Database\MySQLi\Connection->execute('CREATE TABLE `c...')
#2 C:\xampp\htdocs\ITE311-LAYAN\system\Database\BaseConnection.php(646): CodeIgniter\Database\BaseConnection->simpleQuery('CREATE TABLE `c...')
#3 C:\xampp\htdocs\ITE311-LAYAN\system\Database\Forge.php(570): CodeIgniter\Database\BaseConnection->query('CREATE TABLE `c...')
#4 C:\xampp\htdocs\ITE311-LAYAN\app\Database\Migrations\2025-08-13-011942_CreateCoursesTable.php(19): CodeIgniter\Database\Forge->createTable('courses')
#5 C:\xampp\htdocs\ITE311-LAYAN\system\Database\MigrationRunner.php(876): App\Database\Migrations\CreateCoursesTable->up()
#6 C:\xampp\htdocs\ITE311-LAYAN\system\Database\MigrationRunner.php(182): CodeIgniter\Database\MigrationRunner->migrate('up', Object(stdClass))
#7 C:\xampp\htdocs\ITE311-LAYAN\system\Commands\Database\Migrate.php(85): CodeIgniter\Database\MigrationRunner->latest(NULL)
#8 C:\xampp\htdocs\ITE311-LAYAN\system\CLI\Commands.php(74): CodeIgniter\Commands\Database\Migrate->run(Array)
#9 C:\xampp\htdocs\ITE311-LAYAN\system\CLI\BaseCommand.php(119): CodeIgniter\CLI\Commands->run('migrate', Array)
#10 C:\xampp\htdocs\ITE311-LAYAN\system\Commands\Database\MigrateRefresh.php(87): CodeIgniter\CLI\BaseCommand->call('migrate', Array)
#11 C:\xampp\htdocs\ITE311-LAYAN\system\CLI\Commands.php(74): CodeIgniter\Commands\Database\MigrateRefresh->run(Array)
#12 C:\xampp\htdocs\ITE311-LAYAN\system\CLI\Console.php(47): CodeIgniter\CLI\Commands->run('migrate:refresh', Array)
#13 C:\xampp\htdocs\ITE311-LAYAN\system\Boot.php(388): CodeIgniter\CLI\Console->run()
#14 C:\xampp\htdocs\ITE311-LAYAN\system\Boot.php(133): CodeIgniter\Boot::runCommand(Object(CodeIgniter\CLI\Console))
#15 C:\xampp\htdocs\ITE311-LAYAN\spark(87): CodeIgniter\Boot::bootSpark(Object(Config\Paths))
#16 {main}
ERROR - 2025-10-23 15:03:47 --> mysqli_sql_exception: Duplicate entry 'racazaxyrl@example.com' for key 'email' in C:\xampp\htdocs\ITE311-LAYAN\system\Database\MySQLi\Connection.php:327
Stack trace:
#0 C:\xampp\htdocs\ITE311-LAYAN\system\Database\MySQLi\Connection.php(327): mysqli->query('INSERT INTO `us...', 0)
#1 C:\xampp\htdocs\ITE311-LAYAN\system\Database\BaseConnection.php(729): CodeIgniter\Database\MySQLi\Connection->execute('INSERT INTO `us...')
#2 C:\xampp\htdocs\ITE311-LAYAN\system\Database\BaseConnection.php(646): CodeIgniter\Database\BaseConnection->simpleQuery('INSERT INTO `us...')
#3 C:\xampp\htdocs\ITE311-LAYAN\system\Database\BaseBuilder.php(1841): CodeIgniter\Database\BaseConnection->query('INSERT INTO `us...', NULL, false)
#4 C:\xampp\htdocs\ITE311-LAYAN\system\Database\BaseBuilder.php(2230): CodeIgniter\Database\BaseBuilder->batchExecute('_insertBatch', 100)
#5 C:\xampp\htdocs\ITE311-LAYAN\app\Database\Seeds\UserSeeder.php(47): CodeIgniter\Database\BaseBuilder->insertBatch(Array)
#6 C:\xampp\htdocs\ITE311-LAYAN\system\Database\Seeder.php(149): App\Database\Seeds\UserSeeder->run()
#7 C:\xampp\htdocs\ITE311-LAYAN\system\Commands\Database\Seed.php(79): CodeIgniter\Database\Seeder->call('App\\Database\\Se...')
#8 C:\xampp\htdocs\ITE311-LAYAN\system\CLI\Commands.php(74): CodeIgniter\Commands\Database\Seed->run(Array)
#9 C:\xampp\htdocs\ITE311-LAYAN\system\CLI\Console.php(47): CodeIgniter\CLI\Commands->run('db:seed', Array)
#10 C:\xampp\htdocs\ITE311-LAYAN\system\Boot.php(388): CodeIgniter\CLI\Console->run()
#11 C:\xampp\htdocs\ITE311-LAYAN\system\Boot.php(133): CodeIgniter\Boot::runCommand(Object(CodeIgniter\CLI\Console))
#12 C:\xampp\htdocs\ITE311-LAYAN\spark(87): CodeIgniter\Boot::bootSpark(Object(Config\Paths))
#13 {main}
DEBUG - 2025-10-23 15:27:32 --> Session: Class initialized using 'CodeIgniter\Session\Handlers\FileHandler' driver.
DEBUG - 2025-10-23 15:28:59 --> Session: Class initialized using 'CodeIgniter\Session\Handlers\FileHandler' driver.
ERROR - 2025-10-23 15:33:29 --> mysqli_sql_exception: Table 'courses' already exists in C:\xampp\htdocs\ITE311-LAYAN\system\Database\MySQLi\Connection.php:327
Stack trace:
#0 C:\xampp\htdocs\ITE311-LAYAN\system\Database\MySQLi\Connection.php(327): mysqli->query('CREATE TABLE `c...', 0)
#1 C:\xampp\htdocs\ITE311-LAYAN\system\Database\BaseConnection.php(729): CodeIgniter\Database\MySQLi\Connection->execute('CREATE TABLE `c...')
#2 C:\xampp\htdocs\ITE311-LAYAN\system\Database\BaseConnection.php(646): CodeIgniter\Database\BaseConnection->simpleQuery('CREATE TABLE `c...')
#3 C:\xampp\htdocs\ITE311-LAYAN\system\Database\Forge.php(570): CodeIgniter\Database\BaseConnection->query('CREATE TABLE `c...')
#4 C:\xampp\htdocs\ITE311-LAYAN\app\Database\Migrations\2025-08-13-011942_CreateCoursesTable.php(19): CodeIgniter\Database\Forge->createTable('courses')
#5 C:\xampp\htdocs\ITE311-LAYAN\system\Database\MigrationRunner.php(876): App\Database\Migrations\CreateCoursesTable->up()
#6 C:\xampp\htdocs\ITE311-LAYAN\system\Database\MigrationRunner.php(182): CodeIgniter\Database\MigrationRunner->migrate('up', Object(stdClass))
#7 C:\xampp\htdocs\ITE311-LAYAN\system\Commands\Database\Migrate.php(85): CodeIgniter\Database\MigrationRunner->latest(NULL)
#8 C:\xampp\htdocs\ITE311-LAYAN\system\CLI\Commands.php(74): CodeIgniter\Commands\Database\Migrate->run(Array)
#9 C:\xampp\htdocs\ITE311-LAYAN\system\CLI\BaseCommand.php(119): CodeIgniter\CLI\Commands->run('migrate', Array)
#10 C:\xampp\htdocs\ITE311-LAYAN\system\Commands\Database\MigrateRefresh.php(87): CodeIgniter\CLI\BaseCommand->call('migrate', Array)
#11 C:\xampp\htdocs\ITE311-LAYAN\system\CLI\Commands.php(74): CodeIgniter\Commands\Database\MigrateRefresh->run(Array)
#12 C:\xampp\htdocs\ITE311-LAYAN\system\CLI\Console.php(47): CodeIgniter\CLI\Commands->run('migrate:refresh', Array)
#13 C:\xampp\htdocs\ITE311-LAYAN\system\Boot.php(388): CodeIgniter\CLI\Console->run()
#14 C:\xampp\htdocs\ITE311-LAYAN\system\Boot.php(133): CodeIgniter\Boot::runCommand(Object(CodeIgniter\CLI\Console))
#15 C:\xampp\htdocs\ITE311-LAYAN\spark(87): CodeIgniter\Boot::bootSpark(Object(Config\Paths))
#16 {main}
ERROR - 2025-10-23 15:33:50 --> mysqli_sql_exception: Duplicate entry 'jimjamero@example.com' for key 'email' in C:\xampp\htdocs\ITE311-LAYAN\system\Database\MySQLi\Connection.php:327
Stack trace:
#0 C:\xampp\htdocs\ITE311-LAYAN\system\Database\MySQLi\Connection.php(327): mysqli->query('INSERT INTO `us...', 0)
#1 C:\xampp\htdocs\ITE311-LAYAN\system\Database\BaseConnection.php(729): CodeIgniter\Database\MySQLi\Connection->execute('INSERT INTO `us...')
#2 C:\xampp\htdocs\ITE311-LAYAN\system\Database\BaseConnection.php(646): CodeIgniter\Database\BaseConnection->simpleQuery('INSERT INTO `us...')
#3 C:\xampp\htdocs\ITE311-LAYAN\system\Database\BaseBuilder.php(1841): CodeIgniter\Database\BaseConnection->query('INSERT INTO `us...', NULL, false)
#4 C:\xampp\htdocs\ITE311-LAYAN\system\Database\BaseBuilder.php(2230): CodeIgniter\Database\BaseBuilder->batchExecute('_insertBatch', 100)
#5 C:\xampp\htdocs\ITE311-LAYAN\app\Database\Seeds\UserSeeder.php(39): CodeIgniter\Database\BaseBuilder->insertBatch(Array)
#6 C:\xampp\htdocs\ITE311-LAYAN\system\Database\Seeder.php(149): App\Database\Seeds\UserSeeder->run()
#7 C:\xampp\htdocs\ITE311-LAYAN\system\Commands\Database\Seed.php(79): CodeIgniter\Database\Seeder->call('App\\Database\\Se...')
#8 C:\xampp\htdocs\ITE311-LAYAN\system\CLI\Commands.php(74): CodeIgniter\Commands\Database\Seed->run(Array)
#9 C:\xampp\htdocs\ITE311-LAYAN\system\CLI\Console.php(47): CodeIgniter\CLI\Commands->run('db:seed', Array)
#10 C:\xampp\htdocs\ITE311-LAYAN\system\Boot.php(388): CodeIgniter\CLI\Console->run()
#11 C:\xampp\htdocs\ITE311-LAYAN\system\Boot.php(133): CodeIgniter\Boot::runCommand(Object(CodeIgniter\CLI\Console))
#12 C:\xampp\htdocs\ITE311-LAYAN\spark(87): CodeIgniter\Boot::bootSpark(Object(Config\Paths))
#13 {main}
DEBUG - 2025-10-23 15:38:53 --> Session: Class initialized using 'CodeIgniter\Session\Handlers\FileHandler' driver.
DEBUG - 2025-10-23 15:45:34 --> Session: Class initialized using 'CodeIgniter\Session\Handlers\FileHandler' driver.
DEBUG - 2025-10-23 15:45:45 --> Session: Class initialized using 'CodeIgniter\Session\Handlers\FileHandler' driver.
DEBUG - 2025-10-23 15:45:57 --> Session: Class initialized using 'CodeIgniter\Session\Handlers\FileHandler' driver.
DEBUG - 2025-10-23 15:46:17 --> Session: Class initialized using 'CodeIgniter\Session\Handlers\FileHandler' driver.
DEBUG - 2025-10-23 15:46:21 --> Session: Class initialized using 'CodeIgniter\Session\Handlers\FileHandler' driver.
ERROR - 2025-10-23 15:48:37 --> mysqli_sql_exception: Table 'courses' already exists in C:\xampp\htdocs\ITE311-LAYAN\system\Database\MySQLi\Connection.php:327
Stack trace:
#0 C:\xampp\htdocs\ITE311-LAYAN\system\Database\MySQLi\Connection.php(327): mysqli->query('CREATE TABLE `c...', 0)
#1 C:\xampp\htdocs\ITE311-LAYAN\system\Database\BaseConnection.php(729): CodeIgniter\Database\MySQLi\Connection->execute('CREATE TABLE `c...')
#2 C:\xampp\htdocs\ITE311-LAYAN\system\Database\BaseConnection.php(646): CodeIgniter\Database\BaseConnection->simpleQuery('CREATE TABLE `c...')
#3 C:\xampp\htdocs\ITE311-LAYAN\system\Database\Forge.php(570): CodeIgniter\Database\BaseConnection->query('CREATE TABLE `c...')
#4 C:\xampp\htdocs\ITE311-LAYAN\app\Database\Migrations\2025-08-13-011942_CreateCoursesTable.php(19): CodeIgniter\Database\Forge->createTable('courses')
#5 C:\xampp\htdocs\ITE311-LAYAN\system\Database\MigrationRunner.php(876): App\Database\Migrations\CreateCoursesTable->up()
#6 C:\xampp\htdocs\ITE311-LAYAN\system\Database\MigrationRunner.php(182): CodeIgniter\Database\MigrationRunner->migrate('up', Object(stdClass))
#7 C:\xampp\htdocs\ITE311-LAYAN\system\Commands\Database\Migrate.php(85): CodeIgniter\Database\MigrationRunner->latest(NULL)
#8 C:\xampp\htdocs\ITE311-LAYAN\system\CLI\Commands.php(74): CodeIgniter\Commands\Database\Migrate->run(Array)
#9 C:\xampp\htdocs\ITE311-LAYAN\system\CLI\Console.php(47): CodeIgniter\CLI\Commands->run('migrate', Array)
#10 C:\xampp\htdocs\ITE311-LAYAN\system\Boot.php(388): CodeIgniter\CLI\Console->run()
#11 C:\xampp\htdocs\ITE311-LAYAN\system\Boot.php(133): CodeIgniter\Boot::runCommand(Object(CodeIgniter\CLI\Console))
#12 C:\xampp\htdocs\ITE311-LAYAN\spark(87): CodeIgniter\Boot::bootSpark(Object(Config\Paths))
#13 {main}
ERROR - 2025-10-23 15:58:37 --> mysqli_sql_exception: Table 'lms_layan.writable/session' doesn't exist in C:\xampp\htdocs\ITE311-LAYAN\system\Database\MySQLi\Connection.php:327
Stack trace:
#0 C:\xampp\htdocs\ITE311-LAYAN\system\Database\MySQLi\Connection.php(327): mysqli->query('SELECT `data`\nF...', 0)
#1 C:\xampp\htdocs\ITE311-LAYAN\system\Database\BaseConnection.php(729): CodeIgniter\Database\MySQLi\Connection->execute('SELECT `data`\nF...')
#2 C:\xampp\htdocs\ITE311-LAYAN\system\Database\BaseConnection.php(646): CodeIgniter\Database\BaseConnection->simpleQuery('SELECT `data`\nF...')
#3 C:\xampp\htdocs\ITE311-LAYAN\system\Database\BaseBuilder.php(1649): CodeIgniter\Database\BaseConnection->query('SELECT `data`\nF...', Array, false)
#4 C:\xampp\htdocs\ITE311-LAYAN\system\Session\Handlers\DatabaseHandler.php(135): CodeIgniter\Database\BaseBuilder->get()
#5 [internal function]: CodeIgniter\Session\Handlers\DatabaseHandler->read('79fc2ff4ae31241...')
#6 C:\xampp\htdocs\ITE311-LAYAN\system\Session\Session.php(912): session_start()
#7 C:\xampp\htdocs\ITE311-LAYAN\system\Session\Session.php(243): CodeIgniter\Session\Session->startSession()
#8 C:\xampp\htdocs\ITE311-LAYAN\system\Config\Services.php(715): CodeIgniter\Session\Session->start()
#9 C:\xampp\htdocs\ITE311-LAYAN\system\Config\BaseService.php(312): CodeIgniter\Config\Services::session(Object(Config\Session), false)
#10 C:\xampp\htdocs\ITE311-LAYAN\system\Config\BaseService.php(251): CodeIgniter\Config\BaseService::__callStatic('session', Array)
#11 C:\xampp\htdocs\ITE311-LAYAN\system\Config\Services.php(668): CodeIgniter\Config\BaseService::getSharedInstance('session', NULL)
#12 C:\xampp\htdocs\ITE311-LAYAN\system\Config\BaseService.php(321): CodeIgniter\Config\Services::session()
#13 C:\xampp\htdocs\ITE311-LAYAN\system\Config\BaseService.php(202): CodeIgniter\Config\BaseService::__callStatic('session', Array)
#14 C:\xampp\htdocs\ITE311-LAYAN\system\Common.php(995): CodeIgniter\Config\BaseService::get('session')
#15 C:\xampp\htdocs\ITE311-LAYAN\system\Common.php(968): service('session')
#16 C:\xampp\htdocs\ITE311-LAYAN\app\Controllers\Auth.php(82): session()
#17 C:\xampp\htdocs\ITE311-LAYAN\system\CodeIgniter.php(933): App\Controllers\Auth->login()
#18 C:\xampp\htdocs\ITE311-LAYAN\system\CodeIgniter.php(507): CodeIgniter\CodeIgniter->runController(Object(App\Controllers\Auth))
#19 C:\xampp\htdocs\ITE311-LAYAN\system\CodeIgniter.php(354): CodeIgniter\CodeIgniter->handleRequest(NULL, Object(Config\Cache), false)
#20 C:\xampp\htdocs\ITE311-LAYAN\system\Boot.php(363): CodeIgniter\CodeIgniter->run()
#21 C:\xampp\htdocs\ITE311-LAYAN\system\Boot.php(68): CodeIgniter\Boot::runCodeIgniter(Object(CodeIgniter\CodeIgniter))
#22 C:\xampp\htdocs\ITE311-LAYAN\public\index.php(59): CodeIgniter\Boot::bootWeb(Object(Config\Paths))
#23 {main}
CRITICAL - 2025-10-23 15:58:37 --> CodeIgniter\Database\Exceptions\DatabaseException: Table 'lms_layan.writable/session' doesn't exist
[Method: POST, Route: login]
in SYSTEMPATH\Database\BaseConnection.php on line 684.
 1 SYSTEMPATH\Database\BaseBuilder.php(1649): CodeIgniter\Database\BaseConnection->query('SELECT `data`
FROM `writable/session`
WHERE `id` = :id:', [...], false)
 2 SYSTEMPATH\Session\Handlers\DatabaseHandler.php(135): CodeIgniter\Database\BaseBuilder->get()
 3 [internal function]: CodeIgniter\Session\Handlers\DatabaseHandler->read('79fc2ff4ae312417b16420a48e11b749')
 4 SYSTEMPATH\Session\Session.php(912): session_start()
 5 SYSTEMPATH\Session\Session.php(243): CodeIgniter\Session\Session->startSession()
 6 SYSTEMPATH\Config\Services.php(715): CodeIgniter\Session\Session->start()
 7 SYSTEMPATH\Config\BaseService.php(312): CodeIgniter\Config\Services::session(Object(Config\Session), false)
 8 SYSTEMPATH\Config\BaseService.php(251): CodeIgniter\Config\BaseService::__callStatic('session', [...])
 9 SYSTEMPATH\Config\Services.php(668): CodeIgniter\Config\BaseService::getSharedInstance('session', null)
10 SYSTEMPATH\Config\BaseService.php(321): CodeIgniter\Config\Services::session()
11 SYSTEMPATH\Config\BaseService.php(202): CodeIgniter\Config\BaseService::__callStatic('session', [])
12 SYSTEMPATH\Common.php(995): CodeIgniter\Config\BaseService::get('session')
13 SYSTEMPATH\Common.php(968): service('session')
14 APPPATH\Controllers\Auth.php(82): session()
15 SYSTEMPATH\CodeIgniter.php(933): App\Controllers\Auth->login()
16 SYSTEMPATH\CodeIgniter.php(507): CodeIgniter\CodeIgniter->runController(Object(App\Controllers\Auth))
17 SYSTEMPATH\CodeIgniter.php(354): CodeIgniter\CodeIgniter->handleRequest(null, Object(Config\Cache), false)
18 SYSTEMPATH\Boot.php(363): CodeIgniter\CodeIgniter->run()
19 SYSTEMPATH\Boot.php(68): CodeIgniter\Boot::runCodeIgniter(Object(CodeIgniter\CodeIgniter))
20 FCPATH\index.php(59): CodeIgniter\Boot::bootWeb(Object(Config\Paths))
CRITICAL - 2025-10-23 15:58:37 --> [Caused by] CodeIgniter\Database\Exceptions\DatabaseException: Table 'lms_layan.writable/session' doesn't exist
in SYSTEMPATH\Database\MySQLi\Connection.php on line 332.
 1 SYSTEMPATH\Database\BaseConnection.php(729): CodeIgniter\Database\MySQLi\Connection->execute('SELECT `data`
FROM `writable/session`
WHERE `id` = \'ci_session:79fc2ff4ae312417b16420a48e11b749\'')
 2 SYSTEMPATH\Database\BaseConnection.php(646): CodeIgniter\Database\BaseConnection->simpleQuery('SELECT `data`
FROM `writable/session`
WHERE `id` = \'ci_session:79fc2ff4ae312417b16420a48e11b749\'')
 3 SYSTEMPATH\Database\BaseBuilder.php(1649): CodeIgniter\Database\BaseConnection->query('SELECT `data`
FROM `writable/session`
WHERE `id` = :id:', [...], false)
 4 SYSTEMPATH\Session\Handlers\DatabaseHandler.php(135): CodeIgniter\Database\BaseBuilder->get()
 5 [internal function]: CodeIgniter\Session\Handlers\DatabaseHandler->read('79fc2ff4ae312417b16420a48e11b749')
 6 SYSTEMPATH\Session\Session.php(912): session_start()
 7 SYSTEMPATH\Session\Session.php(243): CodeIgniter\Session\Session->startSession()
 8 SYSTEMPATH\Config\Services.php(715): CodeIgniter\Session\Session->start()
 9 SYSTEMPATH\Config\BaseService.php(312): CodeIgniter\Config\Services::session(Object(Config\Session), false)
10 SYSTEMPATH\Config\BaseService.php(251): CodeIgniter\Config\BaseService::__callStatic('session', [...])
11 SYSTEMPATH\Config\Services.php(668): CodeIgniter\Config\BaseService::getSharedInstance('session', null)
12 SYSTEMPATH\Config\BaseService.php(321): CodeIgniter\Config\Services::session()
13 SYSTEMPATH\Config\BaseService.php(202): CodeIgniter\Config\BaseService::__callStatic('session', [])
14 SYSTEMPATH\Common.php(995): CodeIgniter\Config\BaseService::get('session')
15 SYSTEMPATH\Common.php(968): service('session')
16 APPPATH\Controllers\Auth.php(82): session()
17 SYSTEMPATH\CodeIgniter.php(933): App\Controllers\Auth->login()
18 SYSTEMPATH\CodeIgniter.php(507): CodeIgniter\CodeIgniter->runController(Object(App\Controllers\Auth))
19 SYSTEMPATH\CodeIgniter.php(354): CodeIgniter\CodeIgniter->handleRequest(null, Object(Config\Cache), false)
20 SYSTEMPATH\Boot.php(363): CodeIgniter\CodeIgniter->run()
21 SYSTEMPATH\Boot.php(68): CodeIgniter\Boot::runCodeIgniter(Object(CodeIgniter\CodeIgniter))
22 FCPATH\index.php(59): CodeIgniter\Boot::bootWeb(Object(Config\Paths))
CRITICAL - 2025-10-23 15:58:37 --> [Caused by] mysqli_sql_exception: Table 'lms_layan.writable/session' doesn't exist
in SYSTEMPATH\Database\MySQLi\Connection.php on line 327.
 1 SYSTEMPATH\Database\MySQLi\Connection.php(327): mysqli->query('SELECT `data`
FROM `writable/session`
WHERE `id` = \'ci_session:79fc2ff4ae312417b16420a48e11b749\'', 0)
 2 SYSTEMPATH\Database\BaseConnection.php(729): CodeIgniter\Database\MySQLi\Connection->execute('SELECT `data`
FROM `writable/session`
WHERE `id` = \'ci_session:79fc2ff4ae312417b16420a48e11b749\'')
 3 SYSTEMPATH\Database\BaseConnection.php(646): CodeIgniter\Database\BaseConnection->simpleQuery('SELECT `data`
FROM `writable/session`
WHERE `id` = \'ci_session:79fc2ff4ae312417b16420a48e11b749\'')
 4 SYSTEMPATH\Database\BaseBuilder.php(1649): CodeIgniter\Database\BaseConnection->query('SELECT `data`
FROM `writable/session`
WHERE `id` = :id:', [...], false)
 5 SYSTEMPATH\Session\Handlers\DatabaseHandler.php(135): CodeIgniter\Database\BaseBuilder->get()
 6 [internal function]: CodeIgniter\Session\Handlers\DatabaseHandler->read('79fc2ff4ae312417b16420a48e11b749')
 7 SYSTEMPATH\Session\Session.php(912): session_start()
 8 SYSTEMPATH\Session\Session.php(243): CodeIgniter\Session\Session->startSession()
 9 SYSTEMPATH\Config\Services.php(715): CodeIgniter\Session\Session->start()
10 SYSTEMPATH\Config\BaseService.php(312): CodeIgniter\Config\Services::session(Object(Config\Session), false)
11 SYSTEMPATH\Config\BaseService.php(251): CodeIgniter\Config\BaseService::__callStatic('session', [...])
12 SYSTEMPATH\Config\Services.php(668): CodeIgniter\Config\BaseService::getSharedInstance('session', null)
13 SYSTEMPATH\Config\BaseService.php(321): CodeIgniter\Config\Services::session()
14 SYSTEMPATH\Config\BaseService.php(202): CodeIgniter\Config\BaseService::__callStatic('session', [])
15 SYSTEMPATH\Common.php(995): CodeIgniter\Config\BaseService::get('session')
16 SYSTEMPATH\Common.php(968): service('session')
17 APPPATH\Controllers\Auth.php(82): session()
18 SYSTEMPATH\CodeIgniter.php(933): App\Controllers\Auth->login()
19 SYSTEMPATH\CodeIgniter.php(507): CodeIgniter\CodeIgniter->runController(Object(App\Controllers\Auth))
20 SYSTEMPATH\CodeIgniter.php(354): CodeIgniter\CodeIgniter->handleRequest(null, Object(Config\Cache), false)
21 SYSTEMPATH\Boot.php(363): CodeIgniter\CodeIgniter->run()
22 SYSTEMPATH\Boot.php(68): CodeIgniter\Boot::runCodeIgniter(Object(CodeIgniter\CodeIgniter))
23 FCPATH\index.php(59): CodeIgniter\Boot::bootWeb(Object(Config\Paths))
DEBUG - 2025-10-23 15:58:46 --> Session: Class initialized using 'CodeIgniter\Session\Handlers\FileHandler' driver.
