DEBUG - 2025-12-01 06:39:48 --> Session: Class initialized using '\Config\CustomSessionHandler' driver.
DEBUG - 2025-12-01 06:39:48 --> Session: Class initialized using '\Config\CustomSessionHandler' driver.
DEBUG - 2025-12-01 06:39:56 --> Session: Class initialized using '\Config\CustomSessionHandler' driver.
DEBUG - 2025-12-01 06:48:54 --> Session: Class initialized using '\Config\CustomSessionHandler' driver.
DEBUG - 2025-12-01 06:52:33 --> Session: Class initialized using '\Config\CustomSessionHandler' driver.
CRITICAL - 2025-12-01 06:59:02 --> ParseError: syntax error, unexpected token "endif", expecting end of file
[Method: GET, Route: auth/login]
in APPPATH\Views\auth\login.php on line 487.
 1 SYSTEMPATH\View\View.php(229): CodeIgniter\View\View->CodeIgniter\View\{closure}()
 2 SYSTEMPATH\Common.php(1167): CodeIgniter\View\View->render('auth/login', [], true)
 3 APPPATH\Controllers\Auth.php(34): view('auth/login')
 4 SYSTEMPATH\CodeIgniter.php(933): App\Controllers\Auth->login()
 5 SYSTEMPATH\CodeIgniter.php(507): CodeIgniter\CodeIgniter->runController(Object(App\Controllers\Auth))
 6 SYSTEMPATH\CodeIgniter.php(354): CodeIgniter\CodeIgniter->handleRequest(null, Object(Config\Cache), false)
 7 SYSTEMPATH\Boot.php(363): CodeIgniter\CodeIgniter->run()
 8 SYSTEMPATH\Boot.php(68): CodeIgniter\Boot::runCodeIgniter(Object(CodeIgniter\CodeIgniter))
 9 FCPATH\index.php(68): CodeIgniter\Boot::bootWeb(Object(Config\Paths))
DEBUG - 2025-12-01 07:01:58 --> Session: Class initialized using '\Config\CustomSessionHandler' driver.
DEBUG - 2025-12-01 07:02:46 --> Session: Class initialized using '\Config\CustomSessionHandler' driver.
DEBUG - 2025-12-01 07:03:38 --> Session: Class initialized using '\Config\CustomSessionHandler' driver.
DEBUG - 2025-12-01 07:15:34 --> Session: Class initialized using '\Config\CustomSessionHandler' driver.
CRITICAL - 2025-12-01 07:17:08 --> Error: Class "App\Models\CourseModel" not found
[Method: GET, Route: /]
in APPPATH\Controllers\Dashboard.php on line 18.
 1 SYSTEMPATH\CodeIgniter.php(903): App\Controllers\Dashboard->__construct()
 2 SYSTEMPATH\CodeIgniter.php(498): CodeIgniter\CodeIgniter->createController()
 3 SYSTEMPATH\CodeIgniter.php(354): CodeIgniter\CodeIgniter->handleRequest(null, Object(Config\Cache), false)
 4 SYSTEMPATH\Boot.php(363): CodeIgniter\CodeIgniter->run()
 5 SYSTEMPATH\Boot.php(68): CodeIgniter\Boot::runCodeIgniter(Object(CodeIgniter\CodeIgniter))
 6 FCPATH\index.php(68): CodeIgniter\Boot::bootWeb(Object(Config\Paths))
CRITICAL - 2025-12-01 07:18:33 --> ParseError: syntax error, unexpected token "if", expecting "function" or "const"
[Method: GET, Route: /]
in APPPATH\Models\CourseModel.php on line 58.
 1 VENDORPATH\composer\ClassLoader.php(427): Composer\Autoload\{closure}('C:\\xampp\\htdocs\\ITE311-LAYAN\\vendor\\composer/../../app\\Models\\CourseModel.php')
 2 APPPATH\Controllers\Dashboard.php(18): Composer\Autoload\ClassLoader->loadClass('App\\Models\\CourseModel')
 3 SYSTEMPATH\CodeIgniter.php(903): App\Controllers\Dashboard->__construct()
 4 SYSTEMPATH\CodeIgniter.php(498): CodeIgniter\CodeIgniter->createController()
 5 SYSTEMPATH\CodeIgniter.php(354): CodeIgniter\CodeIgniter->handleRequest(null, Object(Config\Cache), false)
 6 SYSTEMPATH\Boot.php(363): CodeIgniter\CodeIgniter->run()
 7 SYSTEMPATH\Boot.php(68): CodeIgniter\Boot::runCodeIgniter(Object(CodeIgniter\CodeIgniter))
 8 FCPATH\index.php(68): CodeIgniter\Boot::bootWeb(Object(Config\Paths))
CRITICAL - 2025-12-01 07:18:40 --> ParseError: syntax error, unexpected token "if", expecting "function" or "const"
[Method: GET, Route: /]
in APPPATH\Models\CourseModel.php on line 58.
 1 VENDORPATH\composer\ClassLoader.php(427): Composer\Autoload\{closure}('C:\\xampp\\htdocs\\ITE311-LAYAN\\vendor\\composer/../../app\\Models\\CourseModel.php')
 2 APPPATH\Controllers\Dashboard.php(18): Composer\Autoload\ClassLoader->loadClass('App\\Models\\CourseModel')
 3 SYSTEMPATH\CodeIgniter.php(903): App\Controllers\Dashboard->__construct()
 4 SYSTEMPATH\CodeIgniter.php(498): CodeIgniter\CodeIgniter->createController()
 5 SYSTEMPATH\CodeIgniter.php(354): CodeIgniter\CodeIgniter->handleRequest(null, Object(Config\Cache), false)
 6 SYSTEMPATH\Boot.php(363): CodeIgniter\CodeIgniter->run()
 7 SYSTEMPATH\Boot.php(68): CodeIgniter\Boot::runCodeIgniter(Object(CodeIgniter\CodeIgniter))
 8 FCPATH\index.php(68): CodeIgniter\Boot::bootWeb(Object(Config\Paths))
DEBUG - 2025-12-01 07:22:13 --> Session: Class initialized using '\Config\CustomSessionHandler' driver.
DEBUG - 2025-12-01 07:23:39 --> Session: Class initialized using '\Config\CustomSessionHandler' driver.
DEBUG - 2025-12-01 07:36:26 --> Session: Class initialized using '\Config\CustomSessionHandler' driver.
DEBUG - 2025-12-01 07:36:27 --> Session: Class initialized using '\Config\CustomSessionHandler' driver.
DEBUG - 2025-12-01 07:42:51 --> Session: Class initialized using '\Config\CustomSessionHandler' driver.
DEBUG - 2025-12-01 07:47:35 --> Session: Class initialized using '\Config\CustomSessionHandler' driver.
DEBUG - 2025-12-01 07:50:12 --> Session: Class initialized using '\Config\CustomSessionHandler' driver.
DEBUG - 2025-12-01 07:50:13 --> Session: Class initialized using '\Config\CustomSessionHandler' driver.
ERROR - 2025-12-01 07:51:12 --> mysqli_sql_exception: Table 'users' already exists in C:\xampp\htdocs\ITE311-LAYAN\system\Database\MySQLi\Connection.php:327
Stack trace:
#0 C:\xampp\htdocs\ITE311-LAYAN\system\Database\MySQLi\Connection.php(327): mysqli->query('CREATE TABLE `u...', 0)
#1 C:\xampp\htdocs\ITE311-LAYAN\system\Database\BaseConnection.php(729): CodeIgniter\Database\MySQLi\Connection->execute('CREATE TABLE `u...')
#2 C:\xampp\htdocs\ITE311-LAYAN\system\Database\BaseConnection.php(646): CodeIgniter\Database\BaseConnection->simpleQuery('CREATE TABLE `u...')
#3 C:\xampp\htdocs\ITE311-LAYAN\system\Database\Forge.php(570): CodeIgniter\Database\BaseConnection->query('CREATE TABLE `u...')
#4 C:\xampp\htdocs\ITE311-LAYAN\app\Database\Migrations\2025-08-13-001626_CreateUsersTable.php(51): CodeIgniter\Database\Forge->createTable('users')
#5 C:\xampp\htdocs\ITE311-LAYAN\system\Database\MigrationRunner.php(876): App\Database\Migrations\CreateUsersTable->up()
#6 C:\xampp\htdocs\ITE311-LAYAN\system\Database\MigrationRunner.php(182): CodeIgniter\Database\MigrationRunner->migrate('up', Object(stdClass))
#7 C:\xampp\htdocs\ITE311-LAYAN\system\Commands\Database\Migrate.php(85): CodeIgniter\Database\MigrationRunner->latest(NULL)
#8 C:\xampp\htdocs\ITE311-LAYAN\system\CLI\Commands.php(74): CodeIgniter\Commands\Database\Migrate->run(Array)
#9 C:\xampp\htdocs\ITE311-LAYAN\system\CLI\Console.php(47): CodeIgniter\CLI\Commands->run('migrate', Array)
#10 C:\xampp\htdocs\ITE311-LAYAN\system\Boot.php(388): CodeIgniter\CLI\Console->run()
#11 C:\xampp\htdocs\ITE311-LAYAN\system\Boot.php(133): CodeIgniter\Boot::runCommand(Object(CodeIgniter\CLI\Console))
#12 C:\xampp\htdocs\ITE311-LAYAN\spark(87): CodeIgniter\Boot::bootSpark(Object(Config\Paths))
#13 {main}
CRITICAL - 2025-12-01 07:51:12 --> ErrorException: require(C:\xampp\htdocs\ITE311-LAYAN\app\Views/errors/cli/error_exception.php): Failed to open stream: No such file or directory
[Method: CLI, Route: migrate]
in SYSTEMPATH\CLI\BaseCommand.php on line 133.
 1 SYSTEMPATH\CLI\BaseCommand.php(133): CodeIgniter\Debug\Exceptions->errorHandler(2, 'require(C:\\xampp\\htdocs\\ITE311-LAYAN\\app\\Views/errors/cli/error_exception.php): Failed to open stream: No such file or directory', 'C:\\xampp\\htdocs\\ITE311-LAYAN\\system\\CLI\\BaseCommand.php', 133)
 2 SYSTEMPATH\CLI\BaseCommand.php(133): require()
 3 SYSTEMPATH\Commands\Database\Migrate.php(99): CodeIgniter\CLI\BaseCommand->showError(Object(CodeIgniter\Database\Exceptions\DatabaseException))
 4 SYSTEMPATH\CLI\Commands.php(74): CodeIgniter\Commands\Database\Migrate->run([])
 5 SYSTEMPATH\CLI\Console.php(47): CodeIgniter\CLI\Commands->run('migrate', [])
 6 SYSTEMPATH\Boot.php(388): CodeIgniter\CLI\Console->run()
 7 SYSTEMPATH\Boot.php(133): CodeIgniter\Boot::runCommand(Object(CodeIgniter\CLI\Console))
 8 ROOTPATH\spark(87): CodeIgniter\Boot::bootSpark(Object(Config\Paths))
DEBUG - 2025-12-01 07:53:52 --> Session: Class initialized using '\Config\CustomSessionHandler' driver.
CRITICAL - 2025-12-01 08:12:12 --> ErrorException: include(C:\xampp\htdocs\ITE311-LAYAN\vendor\composer/../../app/Controllers/Dashboard.php): Failed to open stream: No such file or directory
[Method: GET, Route: /]
in VENDORPATH\composer\ClassLoader.php on line 576.
 1 VENDORPATH\composer\ClassLoader.php(576): CodeIgniter\Debug\Exceptions->errorHandler(2, 'include(C:\\xampp\\htdocs\\ITE311-LAYAN\\vendor\\composer/../../app/Controllers/Dashboard.php): Failed to open stream: No such file or directory', 'C:\\xampp\\htdocs\\ITE311-LAYAN\\vendor\\composer\\ClassLoader.php', 576)
 2 VENDORPATH\composer\ClassLoader.php(576): include()
 3 VENDORPATH\composer\ClassLoader.php(427): Composer\Autoload\{closure}('C:\\xampp\\htdocs\\ITE311-LAYAN\\vendor\\composer/../../app/Controllers/Dashboard.php')
 4 [internal function]: Composer\Autoload\ClassLoader->loadClass('App\\Controllers\\Dashboard')
 5 SYSTEMPATH\CodeIgniter.php(885): class_exists('\\App\\Controllers\\Dashboard', true)
 6 SYSTEMPATH\CodeIgniter.php(494): CodeIgniter\CodeIgniter->startController()
 7 SYSTEMPATH\CodeIgniter.php(354): CodeIgniter\CodeIgniter->handleRequest(null, Object(Config\Cache), false)
 8 SYSTEMPATH\Boot.php(363): CodeIgniter\CodeIgniter->run()
 9 SYSTEMPATH\Boot.php(68): CodeIgniter\Boot::runCodeIgniter(Object(CodeIgniter\CodeIgniter))
10 FCPATH\index.php(68): CodeIgniter\Boot::bootWeb(Object(Config\Paths))
CRITICAL - 2025-12-01 08:13:17 --> ErrorException: include(C:\xampp\htdocs\ITE311-LAYAN\vendor\composer/../../app/Controllers/Dashboard.php): Failed to open stream: No such file or directory
[Method: GET, Route: /]
in VENDORPATH\composer\ClassLoader.php on line 576.
 1 VENDORPATH\composer\ClassLoader.php(576): CodeIgniter\Debug\Exceptions->errorHandler(2, 'include(C:\\xampp\\htdocs\\ITE311-LAYAN\\vendor\\composer/../../app/Controllers/Dashboard.php): Failed to open stream: No such file or directory', 'C:\\xampp\\htdocs\\ITE311-LAYAN\\vendor\\composer\\ClassLoader.php', 576)
 2 VENDORPATH\composer\ClassLoader.php(576): include()
 3 VENDORPATH\composer\ClassLoader.php(427): Composer\Autoload\{closure}('C:\\xampp\\htdocs\\ITE311-LAYAN\\vendor\\composer/../../app/Controllers/Dashboard.php')
 4 [internal function]: Composer\Autoload\ClassLoader->loadClass('App\\Controllers\\Dashboard')
 5 SYSTEMPATH\CodeIgniter.php(885): class_exists('\\App\\Controllers\\Dashboard', true)
 6 SYSTEMPATH\CodeIgniter.php(494): CodeIgniter\CodeIgniter->startController()
 7 SYSTEMPATH\CodeIgniter.php(354): CodeIgniter\CodeIgniter->handleRequest(null, Object(Config\Cache), false)
 8 SYSTEMPATH\Boot.php(363): CodeIgniter\CodeIgniter->run()
 9 SYSTEMPATH\Boot.php(68): CodeIgniter\Boot::runCodeIgniter(Object(CodeIgniter\CodeIgniter))
10 FCPATH\index.php(68): CodeIgniter\Boot::bootWeb(Object(Config\Paths))
CRITICAL - 2025-12-01 08:13:19 --> ErrorException: include(C:\xampp\htdocs\ITE311-LAYAN\vendor\composer/../../app/Controllers/Dashboard.php): Failed to open stream: No such file or directory
[Method: GET, Route: /]
in VENDORPATH\composer\ClassLoader.php on line 576.
 1 VENDORPATH\composer\ClassLoader.php(576): CodeIgniter\Debug\Exceptions->errorHandler(2, 'include(C:\\xampp\\htdocs\\ITE311-LAYAN\\vendor\\composer/../../app/Controllers/Dashboard.php): Failed to open stream: No such file or directory', 'C:\\xampp\\htdocs\\ITE311-LAYAN\\vendor\\composer\\ClassLoader.php', 576)
 2 VENDORPATH\composer\ClassLoader.php(576): include()
 3 VENDORPATH\composer\ClassLoader.php(427): Composer\Autoload\{closure}('C:\\xampp\\htdocs\\ITE311-LAYAN\\vendor\\composer/../../app/Controllers/Dashboard.php')
 4 [internal function]: Composer\Autoload\ClassLoader->loadClass('App\\Controllers\\Dashboard')
 5 SYSTEMPATH\CodeIgniter.php(885): class_exists('\\App\\Controllers\\Dashboard', true)
 6 SYSTEMPATH\CodeIgniter.php(494): CodeIgniter\CodeIgniter->startController()
 7 SYSTEMPATH\CodeIgniter.php(354): CodeIgniter\CodeIgniter->handleRequest(null, Object(Config\Cache), false)
 8 SYSTEMPATH\Boot.php(363): CodeIgniter\CodeIgniter->run()
 9 SYSTEMPATH\Boot.php(68): CodeIgniter\Boot::runCodeIgniter(Object(CodeIgniter\CodeIgniter))
10 FCPATH\index.php(68): CodeIgniter\Boot::bootWeb(Object(Config\Paths))
CRITICAL - 2025-12-01 08:19:48 --> ErrorException: include(C:\xampp\htdocs\ITE311-LAYAN\vendor\composer/../../app/Controllers/Dashboard.php): Failed to open stream: No such file or directory
[Method: GET, Route: /]
in VENDORPATH\composer\ClassLoader.php on line 576.
 1 VENDORPATH\composer\ClassLoader.php(576): CodeIgniter\Debug\Exceptions->errorHandler(2, 'include(C:\\xampp\\htdocs\\ITE311-LAYAN\\vendor\\composer/../../app/Controllers/Dashboard.php): Failed to open stream: No such file or directory', 'C:\\xampp\\htdocs\\ITE311-LAYAN\\vendor\\composer\\ClassLoader.php', 576)
 2 VENDORPATH\composer\ClassLoader.php(576): include()
 3 VENDORPATH\composer\ClassLoader.php(427): Composer\Autoload\{closure}('C:\\xampp\\htdocs\\ITE311-LAYAN\\vendor\\composer/../../app/Controllers/Dashboard.php')
 4 [internal function]: Composer\Autoload\ClassLoader->loadClass('App\\Controllers\\Dashboard')
 5 SYSTEMPATH\CodeIgniter.php(885): class_exists('\\App\\Controllers\\Dashboard', true)
 6 SYSTEMPATH\CodeIgniter.php(494): CodeIgniter\CodeIgniter->startController()
 7 SYSTEMPATH\CodeIgniter.php(354): CodeIgniter\CodeIgniter->handleRequest(null, Object(Config\Cache), false)
 8 SYSTEMPATH\Boot.php(363): CodeIgniter\CodeIgniter->run()
 9 SYSTEMPATH\Boot.php(68): CodeIgniter\Boot::runCodeIgniter(Object(CodeIgniter\CodeIgniter))
10 FCPATH\index.php(68): CodeIgniter\Boot::bootWeb(Object(Config\Paths))
CRITICAL - 2025-12-01 08:19:49 --> ErrorException: include(C:\xampp\htdocs\ITE311-LAYAN\vendor\composer/../../app/Controllers/Dashboard.php): Failed to open stream: No such file or directory
[Method: GET, Route: /]
in VENDORPATH\composer\ClassLoader.php on line 576.
 1 VENDORPATH\composer\ClassLoader.php(576): CodeIgniter\Debug\Exceptions->errorHandler(2, 'include(C:\\xampp\\htdocs\\ITE311-LAYAN\\vendor\\composer/../../app/Controllers/Dashboard.php): Failed to open stream: No such file or directory', 'C:\\xampp\\htdocs\\ITE311-LAYAN\\vendor\\composer\\ClassLoader.php', 576)
 2 VENDORPATH\composer\ClassLoader.php(576): include()
 3 VENDORPATH\composer\ClassLoader.php(427): Composer\Autoload\{closure}('C:\\xampp\\htdocs\\ITE311-LAYAN\\vendor\\composer/../../app/Controllers/Dashboard.php')
 4 [internal function]: Composer\Autoload\ClassLoader->loadClass('App\\Controllers\\Dashboard')
 5 SYSTEMPATH\CodeIgniter.php(885): class_exists('\\App\\Controllers\\Dashboard', true)
 6 SYSTEMPATH\CodeIgniter.php(494): CodeIgniter\CodeIgniter->startController()
 7 SYSTEMPATH\CodeIgniter.php(354): CodeIgniter\CodeIgniter->handleRequest(null, Object(Config\Cache), false)
 8 SYSTEMPATH\Boot.php(363): CodeIgniter\CodeIgniter->run()
 9 SYSTEMPATH\Boot.php(68): CodeIgniter\Boot::runCodeIgniter(Object(CodeIgniter\CodeIgniter))
10 FCPATH\index.php(68): CodeIgniter\Boot::bootWeb(Object(Config\Paths))
CRITICAL - 2025-12-01 08:19:50 --> ErrorException: include(C:\xampp\htdocs\ITE311-LAYAN\vendor\composer/../../app/Controllers/Dashboard.php): Failed to open stream: No such file or directory
[Method: GET, Route: /]
in VENDORPATH\composer\ClassLoader.php on line 576.
 1 VENDORPATH\composer\ClassLoader.php(576): CodeIgniter\Debug\Exceptions->errorHandler(2, 'include(C:\\xampp\\htdocs\\ITE311-LAYAN\\vendor\\composer/../../app/Controllers/Dashboard.php): Failed to open stream: No such file or directory', 'C:\\xampp\\htdocs\\ITE311-LAYAN\\vendor\\composer\\ClassLoader.php', 576)
 2 VENDORPATH\composer\ClassLoader.php(576): include()
 3 VENDORPATH\composer\ClassLoader.php(427): Composer\Autoload\{closure}('C:\\xampp\\htdocs\\ITE311-LAYAN\\vendor\\composer/../../app/Controllers/Dashboard.php')
 4 [internal function]: Composer\Autoload\ClassLoader->loadClass('App\\Controllers\\Dashboard')
 5 SYSTEMPATH\CodeIgniter.php(885): class_exists('\\App\\Controllers\\Dashboard', true)
 6 SYSTEMPATH\CodeIgniter.php(494): CodeIgniter\CodeIgniter->startController()
 7 SYSTEMPATH\CodeIgniter.php(354): CodeIgniter\CodeIgniter->handleRequest(null, Object(Config\Cache), false)
 8 SYSTEMPATH\Boot.php(363): CodeIgniter\CodeIgniter->run()
 9 SYSTEMPATH\Boot.php(68): CodeIgniter\Boot::runCodeIgniter(Object(CodeIgniter\CodeIgniter))
10 FCPATH\index.php(68): CodeIgniter\Boot::bootWeb(Object(Config\Paths))
CRITICAL - 2025-12-01 08:27:20 --> Error: Class "App\Models\ActivityModel" not found
[Method: GET, Route: /]
in APPPATH\Controllers\Dashboard.php on line 23.
 1 SYSTEMPATH\CodeIgniter.php(903): App\Controllers\Dashboard->__construct()
 2 SYSTEMPATH\CodeIgniter.php(498): CodeIgniter\CodeIgniter->createController()
 3 SYSTEMPATH\CodeIgniter.php(354): CodeIgniter\CodeIgniter->handleRequest(null, Object(Config\Cache), false)
 4 SYSTEMPATH\Boot.php(363): CodeIgniter\CodeIgniter->run()
 5 SYSTEMPATH\Boot.php(68): CodeIgniter\Boot::runCodeIgniter(Object(CodeIgniter\CodeIgniter))
 6 FCPATH\index.php(68): CodeIgniter\Boot::bootWeb(Object(Config\Paths))
CRITICAL - 2025-12-01 08:27:21 --> Error: Class "App\Models\ActivityModel" not found
[Method: GET, Route: /]
in APPPATH\Controllers\Dashboard.php on line 23.
 1 SYSTEMPATH\CodeIgniter.php(903): App\Controllers\Dashboard->__construct()
 2 SYSTEMPATH\CodeIgniter.php(498): CodeIgniter\CodeIgniter->createController()
 3 SYSTEMPATH\CodeIgniter.php(354): CodeIgniter\CodeIgniter->handleRequest(null, Object(Config\Cache), false)
 4 SYSTEMPATH\Boot.php(363): CodeIgniter\CodeIgniter->run()
 5 SYSTEMPATH\Boot.php(68): CodeIgniter\Boot::runCodeIgniter(Object(CodeIgniter\CodeIgniter))
 6 FCPATH\index.php(68): CodeIgniter\Boot::bootWeb(Object(Config\Paths))
CRITICAL - 2025-12-01 08:36:22 --> Error: Class "App\Models\ActivityModel" not found
[Method: GET, Route: /]
in APPPATH\Controllers\Dashboard.php on line 23.
 1 SYSTEMPATH\CodeIgniter.php(903): App\Controllers\Dashboard->__construct()
 2 SYSTEMPATH\CodeIgniter.php(498): CodeIgniter\CodeIgniter->createController()
 3 SYSTEMPATH\CodeIgniter.php(354): CodeIgniter\CodeIgniter->handleRequest(null, Object(Config\Cache), false)
 4 SYSTEMPATH\Boot.php(363): CodeIgniter\CodeIgniter->run()
 5 SYSTEMPATH\Boot.php(68): CodeIgniter\Boot::runCodeIgniter(Object(CodeIgniter\CodeIgniter))
 6 FCPATH\index.php(68): CodeIgniter\Boot::bootWeb(Object(Config\Paths))
DEBUG - 2025-12-01 08:45:20 --> Session: Class initialized using '\Config\CustomSessionHandler' driver.
DEBUG - 2025-12-01 09:02:44 --> Session: Class initialized using '\Config\CustomSessionHandler' driver.
DEBUG - 2025-12-01 09:33:23 --> Session: Class initialized using '\Config\CustomSessionHandler' driver.
DEBUG - 2025-12-01 09:57:02 --> Session: Class initialized using '\Config\CustomSessionHandler' driver.
CRITICAL - 2025-12-01 09:58:10 --> ErrorException: ini_set(): Session ini settings cannot be changed when a session is active
[Method: GET, Route: dashboard]
in SYSTEMPATH\Session\Handlers\FileHandler.php on line 74.
 1 [internal function]: CodeIgniter\Debug\Exceptions->errorHandler(2, 'ini_set(): Session ini settings cannot be changed when a session is active', 'C:\\xampp\\htdocs\\ITE311-LAYAN\\system\\Session\\Handlers\\FileHandler.php', 74)
 2 SYSTEMPATH\Session\Handlers\FileHandler.php(74): ini_set('session.save_path', 'C:\\xampp\\htdocs\\ITE311-LAYAN\\writable\\session')
 3 APPPATH\Config\CustomSessionHandler.php(21): CodeIgniter\Session\Handlers\FileHandler->__construct(Object(Config\Session), '::1')
 4 SYSTEMPATH\Config\Services.php(702): Config\CustomSessionHandler->__construct(Object(Config\Session), '::1')
 5 SYSTEMPATH\Config\BaseService.php(312): CodeIgniter\Config\Services::session(Object(Config\Session), false)
 6 SYSTEMPATH\Config\BaseService.php(251): CodeIgniter\Config\BaseService::__callStatic('session', [...])
 7 SYSTEMPATH\Config\Services.php(668): CodeIgniter\Config\BaseService::getSharedInstance('session', null)
 8 SYSTEMPATH\Config\BaseService.php(321): CodeIgniter\Config\Services::session()
 9 SYSTEMPATH\Config\BaseService.php(202): CodeIgniter\Config\BaseService::__callStatic('session', [])
10 SYSTEMPATH\Common.php(995): CodeIgniter\Config\BaseService::get('session')
11 SYSTEMPATH\Common.php(968): service('session')
12 APPPATH\Filters\AuthFilter.php(19): session()
13 SYSTEMPATH\Filters\Filters.php(241): App\Filters\AuthFilter->before(Object(CodeIgniter\HTTP\IncomingRequest), null)
14 SYSTEMPATH\Filters\Filters.php(221): CodeIgniter\Filters\Filters->runBefore([...])
15 SYSTEMPATH\CodeIgniter.php(479): CodeIgniter\Filters\Filters->run('dashboard', 'before')
16 SYSTEMPATH\CodeIgniter.php(354): CodeIgniter\CodeIgniter->handleRequest(null, Object(Config\Cache), false)
17 SYSTEMPATH\Boot.php(363): CodeIgniter\CodeIgniter->run()
18 SYSTEMPATH\Boot.php(68): CodeIgniter\Boot::runCodeIgniter(Object(CodeIgniter\CodeIgniter))
19 FCPATH\index.php(68): CodeIgniter\Boot::bootWeb(Object(Config\Paths))
DEBUG - 2025-12-01 09:58:42 --> Session: Class initialized using '\Config\CustomSessionHandler' driver.
DEBUG - 2025-12-01 10:17:50 --> Session: Class initialized using '\Config\CustomSessionHandler' driver.
CRITICAL - 2025-12-01 10:17:51 --> ErrorException: ini_set(): Session ini settings cannot be changed when a session is active
[Method: GET, Route: dashboard]
in SYSTEMPATH\Session\Handlers\FileHandler.php on line 74.
 1 [internal function]: CodeIgniter\Debug\Exceptions->errorHandler(2, 'ini_set(): Session ini settings cannot be changed when a session is active', 'C:\\xampp\\htdocs\\ITE311-LAYAN\\system\\Session\\Handlers\\FileHandler.php', 74)
 2 SYSTEMPATH\Session\Handlers\FileHandler.php(74): ini_set('session.save_path', 'C:\\xampp\\htdocs\\ITE311-LAYAN\\writable\\session')
 3 APPPATH\Config\CustomSessionHandler.php(21): CodeIgniter\Session\Handlers\FileHandler->__construct(Object(Config\Session), '::1')
 4 SYSTEMPATH\Config\Services.php(702): Config\CustomSessionHandler->__construct(Object(Config\Session), '::1')
 5 SYSTEMPATH\Config\BaseService.php(312): CodeIgniter\Config\Services::session(Object(Config\Session), false)
 6 SYSTEMPATH\Config\BaseService.php(251): CodeIgniter\Config\BaseService::__callStatic('session', [...])
 7 SYSTEMPATH\Config\Services.php(668): CodeIgniter\Config\BaseService::getSharedInstance('session', null)
 8 SYSTEMPATH\Config\BaseService.php(321): CodeIgniter\Config\Services::session()
 9 SYSTEMPATH\Config\BaseService.php(202): CodeIgniter\Config\BaseService::__callStatic('session', [])
10 SYSTEMPATH\Common.php(995): CodeIgniter\Config\BaseService::get('session')
11 SYSTEMPATH\Common.php(968): service('session')
12 APPPATH\Filters\AuthFilter.php(19): session()
13 SYSTEMPATH\Filters\Filters.php(241): App\Filters\AuthFilter->before(Object(CodeIgniter\HTTP\IncomingRequest), null)
14 SYSTEMPATH\Filters\Filters.php(221): CodeIgniter\Filters\Filters->runBefore([...])
15 SYSTEMPATH\CodeIgniter.php(479): CodeIgniter\Filters\Filters->run('dashboard', 'before')
16 SYSTEMPATH\CodeIgniter.php(354): CodeIgniter\CodeIgniter->handleRequest(null, Object(Config\Cache), false)
17 SYSTEMPATH\Boot.php(363): CodeIgniter\CodeIgniter->run()
18 SYSTEMPATH\Boot.php(68): CodeIgniter\Boot::runCodeIgniter(Object(CodeIgniter\CodeIgniter))
19 FCPATH\index.php(68): CodeIgniter\Boot::bootWeb(Object(Config\Paths))
CRITICAL - 2025-12-01 10:40:48 --> ErrorException: ini_set(): Session ini settings cannot be changed when a session is active
[Method: GET, Route: dashboard]
in SYSTEMPATH\Session\Handlers\FileHandler.php on line 74.
 1 [internal function]: CodeIgniter\Debug\Exceptions->errorHandler(2, 'ini_set(): Session ini settings cannot be changed when a session is active', 'C:\\xampp\\htdocs\\ITE311-LAYAN\\system\\Session\\Handlers\\FileHandler.php', 74)
 2 SYSTEMPATH\Session\Handlers\FileHandler.php(74): ini_set('session.save_path', 'C:\\xampp\\htdocs\\ITE311-LAYAN\\writable\\session')
 3 APPPATH\Config\CustomSessionHandler.php(21): CodeIgniter\Session\Handlers\FileHandler->__construct(Object(Config\Session), '::1')
 4 SYSTEMPATH\Config\Services.php(702): Config\CustomSessionHandler->__construct(Object(Config\Session), '::1')
 5 SYSTEMPATH\Config\BaseService.php(312): CodeIgniter\Config\Services::session(Object(Config\Session), false)
 6 SYSTEMPATH\Config\BaseService.php(251): CodeIgniter\Config\BaseService::__callStatic('session', [...])
 7 SYSTEMPATH\Config\Services.php(668): CodeIgniter\Config\BaseService::getSharedInstance('session', null)
 8 SYSTEMPATH\Config\BaseService.php(321): CodeIgniter\Config\Services::session()
 9 SYSTEMPATH\Config\BaseService.php(202): CodeIgniter\Config\BaseService::__callStatic('session', [])
10 SYSTEMPATH\Common.php(995): CodeIgniter\Config\BaseService::get('session')
11 SYSTEMPATH\Common.php(968): service('session')
12 APPPATH\Filters\AuthFilter.php(19): session()
13 SYSTEMPATH\Filters\Filters.php(241): App\Filters\AuthFilter->before(Object(CodeIgniter\HTTP\IncomingRequest), null)
14 SYSTEMPATH\Filters\Filters.php(221): CodeIgniter\Filters\Filters->runBefore([...])
15 SYSTEMPATH\CodeIgniter.php(479): CodeIgniter\Filters\Filters->run('dashboard', 'before')
16 SYSTEMPATH\CodeIgniter.php(354): CodeIgniter\CodeIgniter->handleRequest(null, Object(Config\Cache), false)
17 SYSTEMPATH\Boot.php(363): CodeIgniter\CodeIgniter->run()
18 SYSTEMPATH\Boot.php(68): CodeIgniter\Boot::runCodeIgniter(Object(CodeIgniter\CodeIgniter))
19 FCPATH\index.php(68): CodeIgniter\Boot::bootWeb(Object(Config\Paths))
CRITICAL - 2025-12-01 10:40:49 --> ErrorException: ini_set(): Session ini settings cannot be changed when a session is active
[Method: GET, Route: dashboard]
in SYSTEMPATH\Session\Handlers\FileHandler.php on line 74.
 1 [internal function]: CodeIgniter\Debug\Exceptions->errorHandler(2, 'ini_set(): Session ini settings cannot be changed when a session is active', 'C:\\xampp\\htdocs\\ITE311-LAYAN\\system\\Session\\Handlers\\FileHandler.php', 74)
 2 SYSTEMPATH\Session\Handlers\FileHandler.php(74): ini_set('session.save_path', 'C:\\xampp\\htdocs\\ITE311-LAYAN\\writable\\session')
 3 APPPATH\Config\CustomSessionHandler.php(21): CodeIgniter\Session\Handlers\FileHandler->__construct(Object(Config\Session), '::1')
 4 SYSTEMPATH\Config\Services.php(702): Config\CustomSessionHandler->__construct(Object(Config\Session), '::1')
 5 SYSTEMPATH\Config\BaseService.php(312): CodeIgniter\Config\Services::session(Object(Config\Session), false)
 6 SYSTEMPATH\Config\BaseService.php(251): CodeIgniter\Config\BaseService::__callStatic('session', [...])
 7 SYSTEMPATH\Config\Services.php(668): CodeIgniter\Config\BaseService::getSharedInstance('session', null)
 8 SYSTEMPATH\Config\BaseService.php(321): CodeIgniter\Config\Services::session()
 9 SYSTEMPATH\Config\BaseService.php(202): CodeIgniter\Config\BaseService::__callStatic('session', [])
10 SYSTEMPATH\Common.php(995): CodeIgniter\Config\BaseService::get('session')
11 SYSTEMPATH\Common.php(968): service('session')
12 APPPATH\Filters\AuthFilter.php(19): session()
13 SYSTEMPATH\Filters\Filters.php(241): App\Filters\AuthFilter->before(Object(CodeIgniter\HTTP\IncomingRequest), null)
14 SYSTEMPATH\Filters\Filters.php(221): CodeIgniter\Filters\Filters->runBefore([...])
15 SYSTEMPATH\CodeIgniter.php(479): CodeIgniter\Filters\Filters->run('dashboard', 'before')
16 SYSTEMPATH\CodeIgniter.php(354): CodeIgniter\CodeIgniter->handleRequest(null, Object(Config\Cache), false)
17 SYSTEMPATH\Boot.php(363): CodeIgniter\CodeIgniter->run()
18 SYSTEMPATH\Boot.php(68): CodeIgniter\Boot::runCodeIgniter(Object(CodeIgniter\CodeIgniter))
19 FCPATH\index.php(68): CodeIgniter\Boot::bootWeb(Object(Config\Paths))
CRITICAL - 2025-12-01 11:01:28 --> ErrorException: ini_set(): Session ini settings cannot be changed when a session is active
[Method: GET, Route: dashboard]
in SYSTEMPATH\Session\Handlers\FileHandler.php on line 74.
 1 [internal function]: CodeIgniter\Debug\Exceptions->errorHandler(2, 'ini_set(): Session ini settings cannot be changed when a session is active', 'C:\\xampp\\htdocs\\ITE311-LAYAN\\system\\Session\\Handlers\\FileHandler.php', 74)
 2 SYSTEMPATH\Session\Handlers\FileHandler.php(74): ini_set('session.save_path', 'C:\\xampp\\htdocs\\ITE311-LAYAN\\writable\\session')
 3 APPPATH\Config\CustomSessionHandler.php(21): CodeIgniter\Session\Handlers\FileHandler->__construct(Object(Config\Session), '::1')
 4 SYSTEMPATH\Config\Services.php(702): Config\CustomSessionHandler->__construct(Object(Config\Session), '::1')
 5 SYSTEMPATH\Config\BaseService.php(312): CodeIgniter\Config\Services::session(Object(Config\Session), false)
 6 SYSTEMPATH\Config\BaseService.php(251): CodeIgniter\Config\BaseService::__callStatic('session', [...])
 7 SYSTEMPATH\Config\Services.php(668): CodeIgniter\Config\BaseService::getSharedInstance('session', null)
 8 SYSTEMPATH\Config\BaseService.php(321): CodeIgniter\Config\Services::session()
 9 SYSTEMPATH\Config\BaseService.php(202): CodeIgniter\Config\BaseService::__callStatic('session', [])
10 SYSTEMPATH\Common.php(995): CodeIgniter\Config\BaseService::get('session')
11 SYSTEMPATH\Common.php(968): service('session')
12 APPPATH\Filters\AuthFilter.php(19): session()
13 SYSTEMPATH\Filters\Filters.php(241): App\Filters\AuthFilter->before(Object(CodeIgniter\HTTP\IncomingRequest), null)
14 SYSTEMPATH\Filters\Filters.php(221): CodeIgniter\Filters\Filters->runBefore([...])
15 SYSTEMPATH\CodeIgniter.php(479): CodeIgniter\Filters\Filters->run('dashboard', 'before')
16 SYSTEMPATH\CodeIgniter.php(354): CodeIgniter\CodeIgniter->handleRequest(null, Object(Config\Cache), false)
17 SYSTEMPATH\Boot.php(363): CodeIgniter\CodeIgniter->run()
18 SYSTEMPATH\Boot.php(68): CodeIgniter\Boot::runCodeIgniter(Object(CodeIgniter\CodeIgniter))
19 FCPATH\index.php(68): CodeIgniter\Boot::bootWeb(Object(Config\Paths))
CRITICAL - 2025-12-01 11:01:29 --> ErrorException: ini_set(): Session ini settings cannot be changed when a session is active
[Method: GET, Route: dashboard]
in SYSTEMPATH\Session\Handlers\FileHandler.php on line 74.
 1 [internal function]: CodeIgniter\Debug\Exceptions->errorHandler(2, 'ini_set(): Session ini settings cannot be changed when a session is active', 'C:\\xampp\\htdocs\\ITE311-LAYAN\\system\\Session\\Handlers\\FileHandler.php', 74)
 2 SYSTEMPATH\Session\Handlers\FileHandler.php(74): ini_set('session.save_path', 'C:\\xampp\\htdocs\\ITE311-LAYAN\\writable\\session')
 3 APPPATH\Config\CustomSessionHandler.php(21): CodeIgniter\Session\Handlers\FileHandler->__construct(Object(Config\Session), '::1')
 4 SYSTEMPATH\Config\Services.php(702): Config\CustomSessionHandler->__construct(Object(Config\Session), '::1')
 5 SYSTEMPATH\Config\BaseService.php(312): CodeIgniter\Config\Services::session(Object(Config\Session), false)
 6 SYSTEMPATH\Config\BaseService.php(251): CodeIgniter\Config\BaseService::__callStatic('session', [...])
 7 SYSTEMPATH\Config\Services.php(668): CodeIgniter\Config\BaseService::getSharedInstance('session', null)
 8 SYSTEMPATH\Config\BaseService.php(321): CodeIgniter\Config\Services::session()
 9 SYSTEMPATH\Config\BaseService.php(202): CodeIgniter\Config\BaseService::__callStatic('session', [])
10 SYSTEMPATH\Common.php(995): CodeIgniter\Config\BaseService::get('session')
11 SYSTEMPATH\Common.php(968): service('session')
12 APPPATH\Filters\AuthFilter.php(19): session()
13 SYSTEMPATH\Filters\Filters.php(241): App\Filters\AuthFilter->before(Object(CodeIgniter\HTTP\IncomingRequest), null)
14 SYSTEMPATH\Filters\Filters.php(221): CodeIgniter\Filters\Filters->runBefore([...])
15 SYSTEMPATH\CodeIgniter.php(479): CodeIgniter\Filters\Filters->run('dashboard', 'before')
16 SYSTEMPATH\CodeIgniter.php(354): CodeIgniter\CodeIgniter->handleRequest(null, Object(Config\Cache), false)
17 SYSTEMPATH\Boot.php(363): CodeIgniter\CodeIgniter->run()
18 SYSTEMPATH\Boot.php(68): CodeIgniter\Boot::runCodeIgniter(Object(CodeIgniter\CodeIgniter))
19 FCPATH\index.php(68): CodeIgniter\Boot::bootWeb(Object(Config\Paths))
CRITICAL - 2025-12-01 11:01:55 --> ErrorException: ini_set(): Session ini settings cannot be changed when a session is active
[Method: GET, Route: dashboard]
in SYSTEMPATH\Session\Handlers\FileHandler.php on line 74.
 1 [internal function]: CodeIgniter\Debug\Exceptions->errorHandler(2, 'ini_set(): Session ini settings cannot be changed when a session is active', 'C:\\xampp\\htdocs\\ITE311-LAYAN\\system\\Session\\Handlers\\FileHandler.php', 74)
 2 SYSTEMPATH\Session\Handlers\FileHandler.php(74): ini_set('session.save_path', 'C:\\xampp\\htdocs\\ITE311-LAYAN\\writable\\session')
 3 APPPATH\Config\CustomSessionHandler.php(21): CodeIgniter\Session\Handlers\FileHandler->__construct(Object(Config\Session), '::1')
 4 SYSTEMPATH\Config\Services.php(702): Config\CustomSessionHandler->__construct(Object(Config\Session), '::1')
 5 SYSTEMPATH\Config\BaseService.php(312): CodeIgniter\Config\Services::session(Object(Config\Session), false)
 6 SYSTEMPATH\Config\BaseService.php(251): CodeIgniter\Config\BaseService::__callStatic('session', [...])
 7 SYSTEMPATH\Config\Services.php(668): CodeIgniter\Config\BaseService::getSharedInstance('session', null)
 8 SYSTEMPATH\Config\BaseService.php(321): CodeIgniter\Config\Services::session()
 9 SYSTEMPATH\Config\BaseService.php(202): CodeIgniter\Config\BaseService::__callStatic('session', [])
10 SYSTEMPATH\Common.php(995): CodeIgniter\Config\BaseService::get('session')
11 SYSTEMPATH\Common.php(968): service('session')
12 APPPATH\Filters\AuthFilter.php(19): session()
13 SYSTEMPATH\Filters\Filters.php(241): App\Filters\AuthFilter->before(Object(CodeIgniter\HTTP\IncomingRequest), null)
14 SYSTEMPATH\Filters\Filters.php(221): CodeIgniter\Filters\Filters->runBefore([...])
15 SYSTEMPATH\CodeIgniter.php(479): CodeIgniter\Filters\Filters->run('dashboard', 'before')
16 SYSTEMPATH\CodeIgniter.php(354): CodeIgniter\CodeIgniter->handleRequest(null, Object(Config\Cache), false)
17 SYSTEMPATH\Boot.php(363): CodeIgniter\CodeIgniter->run()
18 SYSTEMPATH\Boot.php(68): CodeIgniter\Boot::runCodeIgniter(Object(CodeIgniter\CodeIgniter))
19 FCPATH\index.php(68): CodeIgniter\Boot::bootWeb(Object(Config\Paths))
DEBUG - 2025-12-01 11:05:52 --> Session: Class initialized using '\Config\CustomSessionHandler' driver.
DEBUG - 2025-12-01 11:19:43 --> Session: Class initialized using '\Config\CustomSessionHandler' driver.
DEBUG - 2025-12-01 14:15:32 --> Session: Class initialized using '\Config\CustomSessionHandler' driver.
DEBUG - 2025-12-01 15:59:19 --> Session: Class initialized using '\Config\CustomSessionHandler' driver.
